<?xml version="1.0" encoding="UTF-8"?>
<!-- Generated by org.testng.reporters.JUnitReportReporter -->
<testsuite hostname="DESKTOP-OEL817D" name="suit.open_browser" tests="1" failures="0" timestamp="7 Sep 2018 06:12:14 GMT" time="39.240" errors="0">
  <testcase name="openbrowser" time="39.240" classname="suit.open_browser"/>
</testsuite> <!-- suit.open_browser -->
