<?xml version="1.0" encoding="UTF-8"?>
<!-- Generated by org.testng.reporters.JUnitReportReporter -->
<testsuite hostname="DESKTOP-OEL817D" name="suit.checkout" tests="1" failures="0" timestamp="3 Sep 2018 11:10:51 GMT" time="398.526" errors="0">
  <testcase name="userregistration" time="398.526" classname="suit.checkout"/>
</testsuite> <!-- suit.checkout -->
