<?xml version="1.0" encoding="UTF-8"?>
<!-- Generated by org.testng.reporters.JUnitReportReporter -->
<testsuite hostname="DESKTOP-OEL817D" name="suit.mini_cart" tests="1" failures="0" timestamp="3 Sep 2018 11:10:51 GMT" time="255.978" errors="0">
  <testcase name="userregistration" time="255.978" classname="suit.mini_cart"/>
</testsuite> <!-- suit.mini_cart -->
