<?xml version="1.0" encoding="UTF-8"?>
<!-- Generated by org.testng.reporters.JUnitReportReporter -->
<testsuite hostname="DESKTOP-OEL817D" name="suit.user_sign_in" tests="1" failures="0" timestamp="3 Sep 2018 11:10:51 GMT" time="121.423" errors="0">
  <testcase name="usersign" time="121.423" classname="suit.user_sign_in"/>
</testsuite> <!-- suit.user_sign_in -->
