<?xml version="1.0" encoding="UTF-8"?>
<!-- Generated by org.testng.reporters.JUnitReportReporter -->
<testsuite hostname="DESKTOP-OEL817D" name="suit.home_page" tests="1" failures="0" timestamp="3 Sep 2018 11:10:51 GMT" time="385.052" errors="0">
  <testcase name="homepage" time="385.052" classname="suit.home_page"/>
</testsuite> <!-- suit.home_page -->
