<?xml version="1.0" encoding="UTF-8"?>
<!-- Generated by org.testng.reporters.JUnitReportReporter -->
<testsuite hostname="DESKTOP-OEL817D" name="suit.open_browser" tests="1" failures="0" timestamp="3 Sep 2018 13:32:38 GMT" time="23.088" errors="0">
  <testcase name="openbrowser" time="23.088" classname="suit.open_browser"/>
</testsuite> <!-- suit.open_browser -->
