<?xml version="1.0" encoding="UTF-8"?>
<!-- Generated by org.testng.reporters.JUnitReportReporter -->
<testsuite hostname="DESKTOP-OEL817D" name="suit.user_register_mailinator" tests="1" failures="0" timestamp="9 Sep 2018 13:16:59 GMT" time="1.520" errors="0">
  <testcase name="random_email_registor" time="1.520" classname="suit.user_register_mailinator"/>
</testsuite> <!-- suit.user_register_mailinator -->
