<?xml version="1.0" encoding="UTF-8"?>
<!-- Generated by org.testng.reporters.JUnitReportReporter -->
<testsuite hostname="DESKTOP-OEL817D" name="suit.product_list" tests="1" failures="0" timestamp="3 Sep 2018 11:10:51 GMT" time="634.837" errors="0">
  <testcase name="productlist" time="634.837" classname="suit.product_list"/>
</testsuite> <!-- suit.product_list -->
