<?xml version="1.0" encoding="UTF-8"?>
<!-- Generated by org.testng.reporters.JUnitReportReporter -->
<testsuite hostname="DESKTOP-OEL817D" name="suit.view_cart" tests="1" failures="0" timestamp="3 Sep 2018 11:10:51 GMT" time="529.271" errors="0">
  <testcase name="userregistration" time="529.271" classname="suit.view_cart"/>
</testsuite> <!-- suit.view_cart -->
