<?xml version="1.0" encoding="UTF-8"?>
<!-- Generated by org.testng.reporters.JUnitReportReporter -->
<testsuite hostname="DESKTOP-OEL817D" name="suit.category_page" tests="1" failures="0" timestamp="3 Sep 2018 13:32:38 GMT" time="28.827" errors="0">
  <testcase name="CategoryPage" time="28.827" classname="suit.category_page"/>
</testsuite> <!-- suit.category_page -->
