<?xml version="1.0" encoding="UTF-8"?>
<!-- Generated by org.testng.reporters.JUnitReportReporter -->
<testsuite hostname="DESKTOP-OEL817D" name="suit.user_register_mailinator" tests="1" failures="0" timestamp="3 Sep 2018 11:10:51 GMT" time="3.470" errors="0">
  <testcase name="random_email_registor" time="3.470" classname="suit.user_register_mailinator"/>
</testsuite> <!-- suit.user_register_mailinator -->
