<?xml version="1.0" encoding="UTF-8"?>
<!-- Generated by org.testng.reporters.JUnitReportReporter -->
<testsuite hostname="DESKTOP-OEL817D" name="suit.user_registration" tests="1" failures="0" timestamp="3 Sep 2018 11:10:51 GMT" time="142.763" errors="0">
  <testcase name="userregistration" time="142.763" classname="suit.user_registration"/>
</testsuite> <!-- suit.user_registration -->
